158
9 7 8 9 9 6 6 8 9 0
9 7 8 9 9 6 6 8 90
9 7 8 9 9 6 6 89 0
9 7 8 9 9 6 68 9 0
9 7 8 9 9 6 68 90
9 7 8 9 9 6 689 0
9 7 8 9 9 6 6890
9 7 8 9 9 66 8 9 0
9 7 8 9 9 66 8 90
9 7 8 9 9 66 89 0
9 7 8 99 6 6 8 9 0
9 7 8 99 6 6 8 90
9 7 8 99 6 6 89 0
9 7 8 99 6 68 9 0
9 7 8 99 6 68 90
9 7 8 99 6 689 0
9 7 8 99 6 6890
9 7 8 99 66 8 9 0
9 7 8 99 66 8 90
9 7 8 99 66 89 0
9 7 8 996 6 8 9 0
9 7 8 996 6 8 90
9 7 8 996 6 89 0
9 7 8 996 68 9 0
9 7 8 996 68 90
9 7 8 996 689 0
9 7 8 996 6890
9 7 89 9 6 6 8 9 0
9 7 89 9 6 6 8 90
9 7 89 9 6 6 89 0
9 7 89 9 6 68 9 0
9 7 89 9 6 68 90
9 7 89 9 6 689 0
9 7 89 9 6 6890
9 7 89 9 66 8 9 0
9 7 89 9 66 8 90
9 7 89 9 66 89 0
9 7 899 6 6 8 9 0
9 7 899 6 6 8 90
9 7 899 6 6 89 0
9 7 899 6 68 9 0
9 7 899 6 68 90
9 7 899 6 689 0
9 7 899 6 6890
9 7 899 66 8 9 0
9 7 899 66 8 90
9 7 899 66 89 0
9 78 9 9 6 6 8 9 0
9 78 9 9 6 6 8 90
9 78 9 9 6 6 89 0
9 78 9 9 6 68 9 0
9 78 9 9 6 68 90
9 78 9 9 6 689 0
9 78 9 9 6 6890
9 78 9 9 66 8 9 0
9 78 9 9 66 8 90
9 78 9 9 66 89 0
9 78 99 6 6 8 9 0
9 78 99 6 6 8 90
9 78 99 6 6 89 0
9 78 99 6 68 9 0
9 78 99 6 68 90
9 78 99 6 689 0
9 78 99 6 6890
9 78 99 66 8 9 0
9 78 99 66 8 90
9 78 99 66 89 0
9 78 996 6 8 9 0
9 78 996 6 8 90
9 78 996 6 89 0
9 78 996 68 9 0
9 78 996 68 90
9 78 996 689 0
9 78 996 6890
9 789 9 6 6 8 9 0
9 789 9 6 6 8 90
9 789 9 6 6 89 0
9 789 9 6 68 9 0
9 789 9 6 68 90
9 789 9 6 689 0
9 789 9 6 6890
9 789 9 66 8 9 0
9 789 9 66 8 90
9 789 9 66 89 0
97 8 9 9 6 6 8 9 0
97 8 9 9 6 6 8 90
97 8 9 9 6 6 89 0
97 8 9 9 6 68 9 0
97 8 9 9 6 68 90
97 8 9 9 6 689 0
97 8 9 9 6 6890
97 8 9 9 66 8 9 0
97 8 9 9 66 8 90
97 8 9 9 66 89 0
97 8 99 6 6 8 9 0
97 8 99 6 6 8 90
97 8 99 6 6 89 0
97 8 99 6 68 9 0
97 8 99 6 68 90
97 8 99 6 689 0
97 8 99 6 6890
97 8 99 66 8 9 0
97 8 99 66 8 90
97 8 99 66 89 0
97 8 996 6 8 9 0
97 8 996 6 8 90
97 8 996 6 89 0
97 8 996 68 9 0
97 8 996 68 90
97 8 996 689 0
97 8 996 6890
97 89 9 6 6 8 9 0
97 89 9 6 6 8 90
97 89 9 6 6 89 0
97 89 9 6 68 9 0
97 89 9 6 68 90
97 89 9 6 689 0
97 89 9 6 6890
97 89 9 66 8 9 0
97 89 9 66 8 90
97 89 9 66 89 0
97 899 6 6 8 9 0
97 899 6 6 8 90
97 899 6 6 89 0
97 899 6 68 9 0
97 899 6 68 90
97 899 6 689 0
97 899 6 6890
97 899 66 8 9 0
97 899 66 8 90
97 899 66 89 0
978 9 9 6 6 8 9 0
978 9 9 6 6 8 90
978 9 9 6 6 89 0
978 9 9 6 68 9 0
978 9 9 6 68 90
978 9 9 6 689 0
978 9 9 6 6890
978 9 9 66 8 9 0
978 9 9 66 8 90
978 9 9 66 89 0
978 99 6 6 8 9 0
978 99 6 6 8 90
978 99 6 6 89 0
978 99 6 68 9 0
978 99 6 68 90
978 99 6 689 0
978 99 6 6890
978 99 66 8 9 0
978 99 66 8 90
978 99 66 89 0
978 996 6 8 9 0
978 996 6 8 90
978 996 6 89 0
978 996 68 9 0
978 996 68 90
978 996 689 0
978 996 6890
